[debug] [2024-01-25T23:14:58.577Z] ----------------------------------------------------------------------
[debug] [2024-01-25T23:14:58.581Z] Command:       C:\Program Files\nodejs\node.exe C:\Users\sutar\AppData\Roaming\npm\node_modules\firebase-tools\lib\bin\firebase.js init
[debug] [2024-01-25T23:14:58.581Z] CLI Version:   13.1.0
[debug] [2024-01-25T23:14:58.582Z] Platform:      win32
[debug] [2024-01-25T23:14:58.582Z] Node Version:  v21.6.0
[debug] [2024-01-25T23:14:58.582Z] Time:          Thu Jan 25 2024 20:14:58 GMT-0300 (hora estándar de Argentina)
[debug] [2024-01-25T23:14:58.582Z] ----------------------------------------------------------------------
[debug] 
[debug] [2024-01-25T23:14:58.588Z] > command requires scopes: ["email","openid","https://www.googleapis.com/auth/cloudplatformprojects.readonly","https://www.googleapis.com/auth/firebase","https://www.googleapis.com/auth/cloud-platform"]
[debug] [2024-01-25T23:14:58.589Z] > authorizing via signed-in user (sutarabrenda@gmail.com)
[info] 
     ######## #### ########  ######## ########     ###     ######  ########
     ##        ##  ##     ## ##       ##     ##  ##   ##  ##       ##
     ######    ##  ########  ######   ########  #########  ######  ######
     ##        ##  ##    ##  ##       ##     ## ##     ##       ## ##
     ##       #### ##     ## ######## ########  ##     ##  ######  ########

You're about to initialize a Firebase project in this directory:

  C:\Users\sutar\Documents\Curso Angular\todoapp

[debug] [2024-01-25T23:16:14.947Z] ----------------------------------------------------------------------
[debug] [2024-01-25T23:16:14.950Z] Command:       C:\Program Files\nodejs\node.exe C:\Users\sutar\AppData\Roaming\npm\node_modules\firebase-tools\lib\bin\firebase.js init
[debug] [2024-01-25T23:16:14.950Z] CLI Version:   13.1.0
[debug] [2024-01-25T23:16:14.951Z] Platform:      win32
[debug] [2024-01-25T23:16:14.951Z] Node Version:  v21.6.0
[debug] [2024-01-25T23:16:14.951Z] Time:          Thu Jan 25 2024 20:16:14 GMT-0300 (hora estándar de Argentina)
[debug] [2024-01-25T23:16:14.951Z] ----------------------------------------------------------------------
[debug] 
[debug] [2024-01-25T23:16:14.957Z] > command requires scopes: ["email","openid","https://www.googleapis.com/auth/cloudplatformprojects.readonly","https://www.googleapis.com/auth/firebase","https://www.googleapis.com/auth/cloud-platform"]
[debug] [2024-01-25T23:16:14.958Z] > authorizing via signed-in user (sutarabrenda@gmail.com)
[info] 
     ######## #### ########  ######## ########     ###     ######  ########
     ##        ##  ##     ## ##       ##     ##  ##   ##  ##       ##
     ######    ##  ########  ######   ########  #########  ######  ######
     ##        ##  ##    ##  ##       ##     ## ##     ##       ## ##
     ##       #### ##     ## ######## ########  ##     ##  ######  ########

You're about to initialize a Firebase project in this directory:

  C:\Users\sutar\Documents\Curso Angular\todoapp

